<?xml version="1.0" encoding="UTF-8"?>
<testng-results skipped="0" failed="0" ignored="0" total="1" passed="1">
  <reporter-output>
  </reporter-output>
  <suite name="Suite" duration-ms="25727" started-at="2018-02-26T10:15:10Z" finished-at="2018-02-26T10:15:35Z">
    <groups>
    </groups>
    <test name="Test" duration-ms="25727" started-at="2018-02-26T10:15:10Z" finished-at="2018-02-26T10:15:35Z">
      <class name="com.test.LoginTest">
        <test-method status="PASS" signature="TC1()[pri:0, instance:com.test.LoginTest@fad74ee]" name="TC1" duration-ms="25694" started-at="2018-02-26T15:45:10Z" finished-at="2018-02-26T15:45:35Z">
          <reporter-output>
          </reporter-output>
        </test-method> <!-- TC1 -->
      </class> <!-- com.test.LoginTest -->
    </test> <!-- Test -->
  </suite> <!-- Suite -->
</testng-results>
